Start testing: Apr 25 12:14 UTC
----------------------------------------------------------
1/2 Testing: Missing RAW files are reported as bridge errors
1/2 Test: Missing RAW files are reported as bridge errors
Command: "/home/runner/work/openms-thermo-bridge/openms-thermo-bridge/build/thermo_bridge_tests" "Missing RAW files are reported as bridge errors"
Directory: /home/runner/work/openms-thermo-bridge/openms-thermo-bridge/build
"Missing RAW files are reported as bridge errors" start time: Apr 25 12:14 UTC
Output:
----------------------------------------------------------
Filters: "Missing RAW files are reported as bridge errors"
Randomness seeded to: 3620887613
===============================================================================
All tests passed (1 assertion in 1 test case)

<end of output>
Test time =   0.05 sec
----------------------------------------------------------
Test Passed.
"Missing RAW files are reported as bridge errors" end time: Apr 25 12:14 UTC
"Missing RAW files are reported as bridge errors" time elapsed: 00:00:00
----------------------------------------------------------

2/2 Testing: The public sample RAW file reports the expected scan count
2/2 Test: The public sample RAW file reports the expected scan count
Command: "/home/runner/work/openms-thermo-bridge/openms-thermo-bridge/build/thermo_bridge_tests" "The public sample RAW file reports the expected scan count"
Directory: /home/runner/work/openms-thermo-bridge/openms-thermo-bridge/build
"The public sample RAW file reports the expected scan count" start time: Apr 25 12:14 UTC
Output:
----------------------------------------------------------
Filters: "The public sample RAW file reports the expected scan count"
Randomness seeded to: 1748454607
===============================================================================
All tests passed (2 assertions in 1 test case)

<end of output>
Test time =   0.12 sec
----------------------------------------------------------
Test Passed.
"The public sample RAW file reports the expected scan count" end time: Apr 25 12:14 UTC
"The public sample RAW file reports the expected scan count" time elapsed: 00:00:00
----------------------------------------------------------

End testing: Apr 25 12:14 UTC
